<?xml version="1.0" encoding="UTF-8"?>
<!-- Generated by org.testng.reporters.JUnitXMLReporter -->
<testsuite hostname="DESKTOP-481QPR1" ignored="0" name="Test" tests="4" failures="0" timestamp="2021-06-19T13:34:22 EDT" time="100.17" errors="0">
  <testcase name="LoginTestWithWrongEMailPAssword" time="3.431" classname="tests.LoginTest"/>
  <testcase name="LoginwithEmptyEmailTest" time="4.352" classname="tests.LoginTest"/>
  <testcase name="LoginwithEmptypasswordTest" time="5.481" classname="tests.LoginTest"/>
  <testcase name="LoginwithInvalidEmailTest" time="4.702" classname="tests.LoginTest"/>
</testsuite> <!-- Test -->
