<?xml version="1.0" encoding="UTF-8"?>
<!-- Generated by org.testng.reporters.JUnitXMLReporter -->
<testsuite hostname="DESKTOP-481QPR1" ignored="0" name="Default test" tests="4" failures="0" timestamp="2021-06-19T18:46:12 EDT" time="136.47" errors="0">
  <testcase name="LoginTestWithWrongEMailPAssword" time="9.722" classname="tests.LoginTest"/>
  <testcase name="LoginwithEmptyEmailTest" time="6.344" classname="tests.LoginTest"/>
  <testcase name="LoginwithEmptypasswordTest" time="7.816" classname="tests.LoginTest"/>
  <testcase name="LoginwithInvalidEmailTest" time="5.385" classname="tests.LoginTest"/>
</testsuite> <!-- Default test -->
